<?xml version="1.0" encoding="UTF-8"?>
<robot generator="Robot 4.1 (Python 3.9.5 on win32)" generated="20210823 14:47:30.240" rpa="false" schemaversion="2">
<suite id="s1" name="Data Driver" source="C:\Users\ThomasEade\Documents\GitHub\RF_esitys\test\data_driver.robot">
<test id="s1-t1" name="Add Employee">
<kw name="Clear Employees List" library="employee" type="SETUP">
<doc>Clears the list of employees</doc>
<kw name="Run And Return Rc And Output" library="OperatingSystem">
<var>${rc}</var>
<var>${output}</var>
<arg>${APPLICATION} remove_all_employees</arg>
<doc>Runs the given command in the system and returns the RC and output.</doc>
<msg timestamp="20210823 14:47:30.325" level="INFO">Running command 'python ../employee.py remove_all_employees 2&gt;&amp;1'.</msg>
<msg timestamp="20210823 14:47:30.413" level="INFO">${rc} = 0</msg>
<msg timestamp="20210823 14:47:30.413" level="INFO">${output} = The file does not exist</msg>
<status status="PASS" starttime="20210823 14:47:30.315" endtime="20210823 14:47:30.413"/>
</kw>
<kw name="Should Be Equal As Integers" library="BuiltIn">
<arg>${rc}</arg>
<arg>0</arg>
<doc>Fails if objects are unequal after converting them to integers.</doc>
<msg timestamp="20210823 14:47:30.414" level="INFO">Argument types are:
&lt;class 'int'&gt;
&lt;type 'unicode'&gt;</msg>
<status status="PASS" starttime="20210823 14:47:30.414" endtime="20210823 14:47:30.414"/>
</kw>
<status status="PASS" starttime="20210823 14:47:30.315" endtime="20210823 14:47:30.414"/>
</kw>
<kw name="Add Employee Template">
<arg>John</arg>
<arg>Doe</arg>
<doc>Template for verifying adding an employee</doc>
<kw name="Add Employee" library="employee">
<arg>first_name=${first_name}</arg>
<arg>last_name=${last_name}</arg>
<doc>Add an employee to the list of employees</doc>
<kw name="Run And Return Rc And Output" library="OperatingSystem">
<var>${rc}</var>
<var>${output}</var>
<arg>${APPLICATION} add_employee ${first_name} ${last_name}</arg>
<doc>Runs the given command in the system and returns the RC and output.</doc>
<msg timestamp="20210823 14:47:30.419" level="INFO">Running command 'python ../employee.py add_employee John Doe 2&gt;&amp;1'.</msg>
<msg timestamp="20210823 14:47:30.507" level="INFO">${rc} = 0</msg>
<msg timestamp="20210823 14:47:30.507" level="INFO">${output} = </msg>
<status status="PASS" starttime="20210823 14:47:30.416" endtime="20210823 14:47:30.507"/>
</kw>
<kw name="Should Be Equal As Integers" library="BuiltIn">
<arg>${rc}</arg>
<arg>0</arg>
<doc>Fails if objects are unequal after converting them to integers.</doc>
<msg timestamp="20210823 14:47:30.507" level="INFO">Argument types are:
&lt;class 'int'&gt;
&lt;type 'unicode'&gt;</msg>
<status status="PASS" starttime="20210823 14:47:30.507" endtime="20210823 14:47:30.508"/>
</kw>
<status status="PASS" starttime="20210823 14:47:30.415" endtime="20210823 14:47:30.508"/>
</kw>
<kw name="Retrieve Employees List" library="employee">
<var>${output}</var>
<doc>Return the list of employees</doc>
<kw name="Run And Return Rc And Output" library="OperatingSystem">
<var>${rc}</var>
<var>${output}</var>
<arg>${APPLICATION} list_employees</arg>
<doc>Runs the given command in the system and returns the RC and output.</doc>
<msg timestamp="20210823 14:47:30.511" level="INFO">Running command 'python ../employee.py list_employees 2&gt;&amp;1'.</msg>
<msg timestamp="20210823 14:47:30.587" level="INFO">${rc} = 0</msg>
<msg timestamp="20210823 14:47:30.587" level="INFO">${output} = ['John Doe']</msg>
<status status="PASS" starttime="20210823 14:47:30.508" endtime="20210823 14:47:30.587"/>
</kw>
<kw name="Should Be Equal As Integers" library="BuiltIn">
<arg>${rc}</arg>
<arg>0</arg>
<doc>Fails if objects are unequal after converting them to integers.</doc>
<msg timestamp="20210823 14:47:30.588" level="INFO">Argument types are:
&lt;class 'int'&gt;
&lt;type 'unicode'&gt;</msg>
<status status="PASS" starttime="20210823 14:47:30.587" endtime="20210823 14:47:30.588"/>
</kw>
<msg timestamp="20210823 14:47:30.588" level="INFO">${output} = ['John Doe']</msg>
<status status="PASS" starttime="20210823 14:47:30.508" endtime="20210823 14:47:30.588"/>
</kw>
<kw name="Should Be Equal" library="BuiltIn">
<arg>${output}</arg>
<arg>['${first_name} ${last_name}']</arg>
<doc>Fails if the given objects are unequal.</doc>
<status status="PASS" starttime="20210823 14:47:30.588" endtime="20210823 14:47:30.589"/>
</kw>
<status status="PASS" starttime="20210823 14:47:30.415" endtime="20210823 14:47:30.589"/>
</kw>
<kw name="Clear Employees List" library="employee" type="TEARDOWN">
<doc>Clears the list of employees</doc>
<kw name="Run And Return Rc And Output" library="OperatingSystem">
<var>${rc}</var>
<var>${output}</var>
<arg>${APPLICATION} remove_all_employees</arg>
<doc>Runs the given command in the system and returns the RC and output.</doc>
<msg timestamp="20210823 14:47:30.593" level="INFO">Running command 'python ../employee.py remove_all_employees 2&gt;&amp;1'.</msg>
<msg timestamp="20210823 14:47:30.671" level="INFO">${rc} = 0</msg>
<msg timestamp="20210823 14:47:30.671" level="INFO">${output} = </msg>
<status status="PASS" starttime="20210823 14:47:30.590" endtime="20210823 14:47:30.671"/>
</kw>
<kw name="Should Be Equal As Integers" library="BuiltIn">
<arg>${rc}</arg>
<arg>0</arg>
<doc>Fails if objects are unequal after converting them to integers.</doc>
<msg timestamp="20210823 14:47:30.671" level="INFO">Argument types are:
&lt;class 'int'&gt;
&lt;type 'unicode'&gt;</msg>
<status status="PASS" starttime="20210823 14:47:30.671" endtime="20210823 14:47:30.671"/>
</kw>
<status status="PASS" starttime="20210823 14:47:30.590" endtime="20210823 14:47:30.671"/>
</kw>
<status status="PASS" starttime="20210823 14:47:30.313" endtime="20210823 14:47:30.672"/>
</test>
<test id="s1-t2" name="Add Employee">
<kw name="Clear Employees List" library="employee" type="SETUP">
<doc>Clears the list of employees</doc>
<kw name="Run And Return Rc And Output" library="OperatingSystem">
<var>${rc}</var>
<var>${output}</var>
<arg>${APPLICATION} remove_all_employees</arg>
<doc>Runs the given command in the system and returns the RC and output.</doc>
<msg timestamp="20210823 14:47:30.678" level="INFO">Running command 'python ../employee.py remove_all_employees 2&gt;&amp;1'.</msg>
<msg timestamp="20210823 14:47:30.772" level="INFO">${rc} = 0</msg>
<msg timestamp="20210823 14:47:30.772" level="INFO">${output} = The file does not exist</msg>
<status status="PASS" starttime="20210823 14:47:30.675" endtime="20210823 14:47:30.772"/>
</kw>
<kw name="Should Be Equal As Integers" library="BuiltIn">
<arg>${rc}</arg>
<arg>0</arg>
<doc>Fails if objects are unequal after converting them to integers.</doc>
<msg timestamp="20210823 14:47:30.772" level="INFO">Argument types are:
&lt;class 'int'&gt;
&lt;type 'unicode'&gt;</msg>
<status status="PASS" starttime="20210823 14:47:30.772" endtime="20210823 14:47:30.772"/>
</kw>
<status status="PASS" starttime="20210823 14:47:30.675" endtime="20210823 14:47:30.773"/>
</kw>
<kw name="Add Employee Template">
<arg>Monty</arg>
<arg>Python</arg>
<doc>Template for verifying adding an employee</doc>
<kw name="Add Employee" library="employee">
<arg>first_name=${first_name}</arg>
<arg>last_name=${last_name}</arg>
<doc>Add an employee to the list of employees</doc>
<kw name="Run And Return Rc And Output" library="OperatingSystem">
<var>${rc}</var>
<var>${output}</var>
<arg>${APPLICATION} add_employee ${first_name} ${last_name}</arg>
<doc>Runs the given command in the system and returns the RC and output.</doc>
<msg timestamp="20210823 14:47:30.777" level="INFO">Running command 'python ../employee.py add_employee Monty Python 2&gt;&amp;1'.</msg>
<msg timestamp="20210823 14:47:30.866" level="INFO">${rc} = 0</msg>
<msg timestamp="20210823 14:47:30.866" level="INFO">${output} = </msg>
<status status="PASS" starttime="20210823 14:47:30.774" endtime="20210823 14:47:30.866"/>
</kw>
<kw name="Should Be Equal As Integers" library="BuiltIn">
<arg>${rc}</arg>
<arg>0</arg>
<doc>Fails if objects are unequal after converting them to integers.</doc>
<msg timestamp="20210823 14:47:30.866" level="INFO">Argument types are:
&lt;class 'int'&gt;
&lt;type 'unicode'&gt;</msg>
<status status="PASS" starttime="20210823 14:47:30.866" endtime="20210823 14:47:30.866"/>
</kw>
<status status="PASS" starttime="20210823 14:47:30.774" endtime="20210823 14:47:30.866"/>
</kw>
<kw name="Retrieve Employees List" library="employee">
<var>${output}</var>
<doc>Return the list of employees</doc>
<kw name="Run And Return Rc And Output" library="OperatingSystem">
<var>${rc}</var>
<var>${output}</var>
<arg>${APPLICATION} list_employees</arg>
<doc>Runs the given command in the system and returns the RC and output.</doc>
<msg timestamp="20210823 14:47:30.869" level="INFO">Running command 'python ../employee.py list_employees 2&gt;&amp;1'.</msg>
<msg timestamp="20210823 14:47:30.949" level="INFO">${rc} = 0</msg>
<msg timestamp="20210823 14:47:30.949" level="INFO">${output} = ['Monty Python']</msg>
<status status="PASS" starttime="20210823 14:47:30.867" endtime="20210823 14:47:30.949"/>
</kw>
<kw name="Should Be Equal As Integers" library="BuiltIn">
<arg>${rc}</arg>
<arg>0</arg>
<doc>Fails if objects are unequal after converting them to integers.</doc>
<msg timestamp="20210823 14:47:30.949" level="INFO">Argument types are:
&lt;class 'int'&gt;
&lt;type 'unicode'&gt;</msg>
<status status="PASS" starttime="20210823 14:47:30.949" endtime="20210823 14:47:30.949"/>
</kw>
<msg timestamp="20210823 14:47:30.950" level="INFO">${output} = ['Monty Python']</msg>
<status status="PASS" starttime="20210823 14:47:30.866" endtime="20210823 14:47:30.950"/>
</kw>
<kw name="Should Be Equal" library="BuiltIn">
<arg>${output}</arg>
<arg>['${first_name} ${last_name}']</arg>
<doc>Fails if the given objects are unequal.</doc>
<status status="PASS" starttime="20210823 14:47:30.950" endtime="20210823 14:47:30.950"/>
</kw>
<status status="PASS" starttime="20210823 14:47:30.773" endtime="20210823 14:47:30.950"/>
</kw>
<kw name="Clear Employees List" library="employee" type="TEARDOWN">
<doc>Clears the list of employees</doc>
<kw name="Run And Return Rc And Output" library="OperatingSystem">
<var>${rc}</var>
<var>${output}</var>
<arg>${APPLICATION} remove_all_employees</arg>
<doc>Runs the given command in the system and returns the RC and output.</doc>
<msg timestamp="20210823 14:47:30.956" level="INFO">Running command 'python ../employee.py remove_all_employees 2&gt;&amp;1'.</msg>
<msg timestamp="20210823 14:47:31.037" level="INFO">${rc} = 0</msg>
<msg timestamp="20210823 14:47:31.037" level="INFO">${output} = </msg>
<status status="PASS" starttime="20210823 14:47:30.952" endtime="20210823 14:47:31.038"/>
</kw>
<kw name="Should Be Equal As Integers" library="BuiltIn">
<arg>${rc}</arg>
<arg>0</arg>
<doc>Fails if objects are unequal after converting them to integers.</doc>
<msg timestamp="20210823 14:47:31.038" level="INFO">Argument types are:
&lt;class 'int'&gt;
&lt;type 'unicode'&gt;</msg>
<status status="PASS" starttime="20210823 14:47:31.038" endtime="20210823 14:47:31.038"/>
</kw>
<status status="PASS" starttime="20210823 14:47:30.951" endtime="20210823 14:47:31.038"/>
</kw>
<status status="PASS" starttime="20210823 14:47:30.674" endtime="20210823 14:47:31.039"/>
</test>
<test id="s1-t3" name="Add Employee">
<kw name="Clear Employees List" library="employee" type="SETUP">
<doc>Clears the list of employees</doc>
<kw name="Run And Return Rc And Output" library="OperatingSystem">
<var>${rc}</var>
<var>${output}</var>
<arg>${APPLICATION} remove_all_employees</arg>
<doc>Runs the given command in the system and returns the RC and output.</doc>
<msg timestamp="20210823 14:47:31.046" level="INFO">Running command 'python ../employee.py remove_all_employees 2&gt;&amp;1'.</msg>
<msg timestamp="20210823 14:47:31.133" level="INFO">${rc} = 0</msg>
<msg timestamp="20210823 14:47:31.133" level="INFO">${output} = The file does not exist</msg>
<status status="PASS" starttime="20210823 14:47:31.043" endtime="20210823 14:47:31.133"/>
</kw>
<kw name="Should Be Equal As Integers" library="BuiltIn">
<arg>${rc}</arg>
<arg>0</arg>
<doc>Fails if objects are unequal after converting them to integers.</doc>
<msg timestamp="20210823 14:47:31.133" level="INFO">Argument types are:
&lt;class 'int'&gt;
&lt;type 'unicode'&gt;</msg>
<status status="PASS" starttime="20210823 14:47:31.133" endtime="20210823 14:47:31.133"/>
</kw>
<status status="PASS" starttime="20210823 14:47:31.043" endtime="20210823 14:47:31.133"/>
</kw>
<kw name="Add Employee Template">
<arg>Knight</arg>
<arg>Ni</arg>
<doc>Template for verifying adding an employee</doc>
<kw name="Add Employee" library="employee">
<arg>first_name=${first_name}</arg>
<arg>last_name=${last_name}</arg>
<doc>Add an employee to the list of employees</doc>
<kw name="Run And Return Rc And Output" library="OperatingSystem">
<var>${rc}</var>
<var>${output}</var>
<arg>${APPLICATION} add_employee ${first_name} ${last_name}</arg>
<doc>Runs the given command in the system and returns the RC and output.</doc>
<msg timestamp="20210823 14:47:31.139" level="INFO">Running command 'python ../employee.py add_employee Knight Ni 2&gt;&amp;1'.</msg>
<msg timestamp="20210823 14:47:31.224" level="INFO">${rc} = 0</msg>
<msg timestamp="20210823 14:47:31.224" level="INFO">${output} = </msg>
<status status="PASS" starttime="20210823 14:47:31.136" endtime="20210823 14:47:31.224"/>
</kw>
<kw name="Should Be Equal As Integers" library="BuiltIn">
<arg>${rc}</arg>
<arg>0</arg>
<doc>Fails if objects are unequal after converting them to integers.</doc>
<msg timestamp="20210823 14:47:31.225" level="INFO">Argument types are:
&lt;class 'int'&gt;
&lt;type 'unicode'&gt;</msg>
<status status="PASS" starttime="20210823 14:47:31.224" endtime="20210823 14:47:31.225"/>
</kw>
<status status="PASS" starttime="20210823 14:47:31.135" endtime="20210823 14:47:31.225"/>
</kw>
<kw name="Retrieve Employees List" library="employee">
<var>${output}</var>
<doc>Return the list of employees</doc>
<kw name="Run And Return Rc And Output" library="OperatingSystem">
<var>${rc}</var>
<var>${output}</var>
<arg>${APPLICATION} list_employees</arg>
<doc>Runs the given command in the system and returns the RC and output.</doc>
<msg timestamp="20210823 14:47:31.227" level="INFO">Running command 'python ../employee.py list_employees 2&gt;&amp;1'.</msg>
<msg timestamp="20210823 14:47:31.304" level="INFO">${rc} = 0</msg>
<msg timestamp="20210823 14:47:31.304" level="INFO">${output} = ['Knight Ni']</msg>
<status status="PASS" starttime="20210823 14:47:31.225" endtime="20210823 14:47:31.304"/>
</kw>
<kw name="Should Be Equal As Integers" library="BuiltIn">
<arg>${rc}</arg>
<arg>0</arg>
<doc>Fails if objects are unequal after converting them to integers.</doc>
<msg timestamp="20210823 14:47:31.304" level="INFO">Argument types are:
&lt;class 'int'&gt;
&lt;type 'unicode'&gt;</msg>
<status status="PASS" starttime="20210823 14:47:31.304" endtime="20210823 14:47:31.305"/>
</kw>
<msg timestamp="20210823 14:47:31.305" level="INFO">${output} = ['Knight Ni']</msg>
<status status="PASS" starttime="20210823 14:47:31.225" endtime="20210823 14:47:31.305"/>
</kw>
<kw name="Should Be Equal" library="BuiltIn">
<arg>${output}</arg>
<arg>['${first_name} ${last_name}']</arg>
<doc>Fails if the given objects are unequal.</doc>
<status status="PASS" starttime="20210823 14:47:31.305" endtime="20210823 14:47:31.305"/>
</kw>
<status status="PASS" starttime="20210823 14:47:31.134" endtime="20210823 14:47:31.305"/>
</kw>
<kw name="Clear Employees List" library="employee" type="TEARDOWN">
<doc>Clears the list of employees</doc>
<kw name="Run And Return Rc And Output" library="OperatingSystem">
<var>${rc}</var>
<var>${output}</var>
<arg>${APPLICATION} remove_all_employees</arg>
<doc>Runs the given command in the system and returns the RC and output.</doc>
<msg timestamp="20210823 14:47:31.309" level="INFO">Running command 'python ../employee.py remove_all_employees 2&gt;&amp;1'.</msg>
<msg timestamp="20210823 14:47:31.396" level="INFO">${rc} = 0</msg>
<msg timestamp="20210823 14:47:31.396" level="INFO">${output} = </msg>
<status status="PASS" starttime="20210823 14:47:31.306" endtime="20210823 14:47:31.396"/>
</kw>
<kw name="Should Be Equal As Integers" library="BuiltIn">
<arg>${rc}</arg>
<arg>0</arg>
<doc>Fails if objects are unequal after converting them to integers.</doc>
<msg timestamp="20210823 14:47:31.396" level="INFO">Argument types are:
&lt;class 'int'&gt;
&lt;type 'unicode'&gt;</msg>
<status status="PASS" starttime="20210823 14:47:31.396" endtime="20210823 14:47:31.396"/>
</kw>
<status status="PASS" starttime="20210823 14:47:31.306" endtime="20210823 14:47:31.396"/>
</kw>
<status status="PASS" starttime="20210823 14:47:31.041" endtime="20210823 14:47:31.397"/>
</test>
<doc>Test the employee Python script, data driven approach</doc>
<status status="PASS" starttime="20210823 14:47:30.242" endtime="20210823 14:47:31.398"/>
</suite>
<statistics>
<total>
<stat pass="3" fail="0" skip="0">All Tests</stat>
</total>
<tag>
</tag>
<suite>
<stat pass="3" fail="0" skip="0" id="s1" name="Data Driver">Data Driver</stat>
</suite>
</statistics>
<errors>
<msg timestamp="20210823 14:47:30.673" level="WARN">Multiple test cases with name 'Add Employee' executed in test suite 'Data Driver'.</msg>
<msg timestamp="20210823 14:47:31.040" level="WARN">Multiple test cases with name 'Add Employee' executed in test suite 'Data Driver'.</msg>
</errors>
</robot>
